2026-02-26 15:15:27,070  INFO  Pipeline started
2026-02-26 15:15:27,070  INFO  Fetching AAPL ...
2026-02-26 15:15:31,583  ERROR  Failed AAPL: NDFrame.fillna() got an unexpected keyword argument 'method'
2026-02-26 15:15:31,583  INFO  Fetching MSFT ...
2026-02-26 15:15:32,319  ERROR  Failed MSFT: NDFrame.fillna() got an unexpected keyword argument 'method'
2026-02-26 15:15:32,320  INFO  Fetching GOOGL ...
2026-02-26 15:15:33,114  ERROR  Failed GOOGL: NDFrame.fillna() got an unexpected keyword argument 'method'
2026-02-26 15:15:33,115  INFO  Fetching AMZN ...
2026-02-26 15:15:34,706  ERROR  Failed AMZN: NDFrame.fillna() got an unexpected keyword argument 'method'
2026-02-26 15:15:34,706  INFO  Fetching META ...
2026-02-26 15:15:35,244  ERROR  Failed META: NDFrame.fillna() got an unexpected keyword argument 'method'
2026-02-26 15:15:35,245  INFO  Fetching NVDA ...
2026-02-26 15:15:35,894  ERROR  Failed NVDA: NDFrame.fillna() got an unexpected keyword argument 'method'
2026-02-26 15:15:35,894  INFO  Fetching JPM ...
2026-02-26 15:15:36,768  ERROR  Failed JPM: NDFrame.fillna() got an unexpected keyword argument 'method'
2026-02-26 15:15:36,768  INFO  Fetching BAC ...
2026-02-26 15:15:37,543  ERROR  Failed BAC: NDFrame.fillna() got an unexpected keyword argument 'method'
2026-02-26 15:15:37,543  INFO  Fetching GS ...
2026-02-26 15:15:38,756  ERROR  Failed GS: NDFrame.fillna() got an unexpected keyword argument 'method'
2026-02-26 15:15:38,757  INFO  Fetching SBIN ...
2026-02-26 15:15:40,406  ERROR  HTTP Error 404: {"quoteSummary":{"result":null,"error":{"code":"Not Found","description":"Quote not found for symbol: SBIN"}}}
2026-02-26 15:15:40,698  ERROR  $SBIN: possibly delisted; no timezone found
2026-02-26 15:15:40,699  ERROR  
1 Failed download:
2026-02-26 15:15:40,699  ERROR  ['SBIN']: possibly delisted; no timezone found
2026-02-26 15:15:40,701  WARNING  No data returned for SBIN
2026-02-26 15:15:40,701  INFO  Fetching XOM ...
2026-02-26 15:15:41,647  ERROR  Failed XOM: NDFrame.fillna() got an unexpected keyword argument 'method'
2026-02-26 15:15:41,648  INFO  Fetching CVX ...
2026-02-26 15:15:42,688  ERROR  Failed CVX: NDFrame.fillna() got an unexpected keyword argument 'method'
2026-02-26 15:15:42,688  INFO  Fetching JNJ ...
2026-02-26 15:15:43,685  ERROR  Failed JNJ: NDFrame.fillna() got an unexpected keyword argument 'method'
2026-02-26 15:15:43,686  INFO  Fetching PFE ...
2026-02-26 15:15:44,883  ERROR  Failed PFE: NDFrame.fillna() got an unexpected keyword argument 'method'
2026-02-26 15:15:44,884  INFO  Fetching SPY ...
2026-02-26 15:15:45,731  ERROR  Failed SPY: NDFrame.fillna() got an unexpected keyword argument 'method'
2026-02-26 15:15:45,731  INFO  Fetching QQQ ...
2026-02-26 15:15:46,498  ERROR  Failed QQQ: NDFrame.fillna() got an unexpected keyword argument 'method'
2026-02-26 15:15:46,499  INFO  Fetching DIA ...
2026-02-26 15:15:47,262  ERROR  Failed DIA: NDFrame.fillna() got an unexpected keyword argument 'method'
2026-02-26 15:15:47,262  INFO  Fetching INFY ...
2026-02-26 15:15:47,957  ERROR  Failed INFY: NDFrame.fillna() got an unexpected keyword argument 'method'
2026-02-26 15:15:47,957  INFO  Fetching TCS ...
2026-02-26 15:15:48,852  ERROR  $TCS: possibly delisted; no timezone found
2026-02-26 15:15:48,857  ERROR  
1 Failed download:
2026-02-26 15:15:48,857  ERROR  ['TCS']: possibly delisted; no timezone found
2026-02-26 15:15:48,859  WARNING  No data returned for TCS
2026-02-26 15:15:48,859  INFO  Fetching HDFCBANK ...
2026-02-26 15:15:49,556  ERROR  $HDFCBANK: possibly delisted; no timezone found
2026-02-26 15:15:49,562  ERROR  
1 Failed download:
2026-02-26 15:15:49,562  ERROR  ['HDFCBANK']: possibly delisted; no timezone found
2026-02-26 15:15:49,564  WARNING  No data returned for HDFCBANK
2026-02-26 15:15:49,565  INFO  Fetching Nifty50 ...
2026-02-26 15:15:50,274  ERROR  $NIFTY50: possibly delisted; no timezone found
2026-02-26 15:15:50,276  ERROR  
1 Failed download:
2026-02-26 15:15:50,276  ERROR  ['NIFTY50']: possibly delisted; no timezone found
2026-02-26 15:15:50,279  WARNING  No data returned for Nifty50
2026-02-26 15:16:12,888  INFO  Pipeline started
2026-02-26 15:16:12,888  INFO  Fetching AAPL ...
2026-02-26 15:16:14,220  ERROR  Failed AAPL: NDFrame.fillna() got an unexpected keyword argument 'method'
2026-02-26 15:16:14,220  INFO  Fetching MSFT ...
2026-02-26 15:16:15,061  ERROR  Failed MSFT: NDFrame.fillna() got an unexpected keyword argument 'method'
2026-02-26 15:16:15,062  INFO  Fetching GOOGL ...
2026-02-26 15:16:15,729  ERROR  Failed GOOGL: NDFrame.fillna() got an unexpected keyword argument 'method'
2026-02-26 15:16:15,730  INFO  Fetching AMZN ...
2026-02-26 15:16:16,415  ERROR  Failed AMZN: NDFrame.fillna() got an unexpected keyword argument 'method'
2026-02-26 15:16:16,415  INFO  Fetching META ...
2026-02-26 15:16:16,819  ERROR  Failed META: NDFrame.fillna() got an unexpected keyword argument 'method'
2026-02-26 15:16:16,819  INFO  Fetching NVDA ...
2026-02-26 15:16:17,450  ERROR  Failed NVDA: NDFrame.fillna() got an unexpected keyword argument 'method'
2026-02-26 15:16:17,450  INFO  Fetching JPM ...
2026-02-26 15:16:18,222  ERROR  Failed JPM: NDFrame.fillna() got an unexpected keyword argument 'method'
2026-02-26 15:16:18,222  INFO  Fetching BAC ...
2026-02-26 15:16:18,972  ERROR  Failed BAC: NDFrame.fillna() got an unexpected keyword argument 'method'
2026-02-26 15:16:18,973  INFO  Fetching GS ...
2026-02-26 15:16:19,821  ERROR  Failed GS: NDFrame.fillna() got an unexpected keyword argument 'method'
2026-02-26 15:16:19,821  INFO  Fetching SBIN ...
2026-02-26 15:16:21,111  ERROR  HTTP Error 404: {"quoteSummary":{"result":null,"error":{"code":"Not Found","description":"Quote not found for symbol: SBIN"}}}
2026-02-26 15:16:21,388  ERROR  $SBIN: possibly delisted; no timezone found
2026-02-26 15:16:21,391  ERROR  
1 Failed download:
2026-02-26 15:16:21,391  ERROR  ['SBIN']: possibly delisted; no timezone found
2026-02-26 15:16:21,393  WARNING  No data returned for SBIN
2026-02-26 15:16:21,393  INFO  Fetching XOM ...
2026-02-26 15:16:22,655  ERROR  Failed XOM: NDFrame.fillna() got an unexpected keyword argument 'method'
2026-02-26 15:16:22,655  INFO  Fetching CVX ...
2026-02-26 15:16:23,433  ERROR  Failed CVX: NDFrame.fillna() got an unexpected keyword argument 'method'
2026-02-26 15:16:23,434  INFO  Fetching JNJ ...
2026-02-26 15:16:24,154  ERROR  Failed JNJ: NDFrame.fillna() got an unexpected keyword argument 'method'
2026-02-26 15:16:24,155  INFO  Fetching PFE ...
2026-02-26 15:16:25,142  ERROR  Failed PFE: NDFrame.fillna() got an unexpected keyword argument 'method'
2026-02-26 15:16:25,142  INFO  Fetching SPY ...
2026-02-26 15:16:25,786  ERROR  Failed SPY: NDFrame.fillna() got an unexpected keyword argument 'method'
2026-02-26 15:16:25,787  INFO  Fetching QQQ ...
2026-02-26 15:16:26,410  ERROR  Failed QQQ: NDFrame.fillna() got an unexpected keyword argument 'method'
2026-02-26 15:16:26,410  INFO  Fetching DIA ...
2026-02-26 15:16:27,180  ERROR  Failed DIA: NDFrame.fillna() got an unexpected keyword argument 'method'
2026-02-26 15:16:27,180  INFO  Fetching INFY ...
2026-02-26 15:16:28,045  ERROR  Failed INFY: NDFrame.fillna() got an unexpected keyword argument 'method'
2026-02-26 15:16:28,046  INFO  Fetching TCS ...
2026-02-26 15:16:29,465  ERROR  $TCS: possibly delisted; no timezone found
2026-02-26 15:16:29,471  ERROR  
1 Failed download:
2026-02-26 15:16:29,471  ERROR  ['TCS']: possibly delisted; no timezone found
2026-02-26 15:16:29,473  WARNING  No data returned for TCS
2026-02-26 15:16:29,474  INFO  Fetching HDFCBANK ...
2026-02-26 15:16:30,581  ERROR  $HDFCBANK: possibly delisted; no timezone found
2026-02-26 15:16:30,588  ERROR  
1 Failed download:
2026-02-26 15:16:30,588  ERROR  ['HDFCBANK']: possibly delisted; no timezone found
2026-02-26 15:16:30,591  WARNING  No data returned for HDFCBANK
2026-02-26 15:16:30,591  INFO  Fetching Nifty50 ...
2026-02-26 15:16:31,629  ERROR  $NIFTY50: possibly delisted; no timezone found
2026-02-26 15:16:31,633  ERROR  
1 Failed download:
2026-02-26 15:16:31,633  ERROR  ['NIFTY50']: possibly delisted; no timezone found
2026-02-26 15:16:31,636  WARNING  No data returned for Nifty50
2026-02-26 15:18:33,512  INFO  Pipeline started
2026-02-26 15:18:33,512  INFO  Fetching AAPL ...
2026-02-26 15:18:35,409  INFO  Fetching MSFT ...
2026-02-26 15:18:36,360  INFO  Fetching GOOGL ...
2026-02-26 15:18:37,158  INFO  Fetching AMZN ...
2026-02-26 15:18:38,051  INFO  Fetching META ...
2026-02-26 15:18:38,768  INFO  Fetching NVDA ...
2026-02-26 15:18:39,637  INFO  Fetching JPM ...
2026-02-26 15:18:40,583  INFO  Fetching BAC ...
2026-02-26 15:18:41,614  INFO  Fetching GS ...
2026-02-26 15:18:42,654  INFO  Fetching XOM ...
2026-02-26 15:18:43,594  INFO  Fetching CVX ...
2026-02-26 15:18:44,505  INFO  Fetching JNJ ...
2026-02-26 15:18:45,606  INFO  Fetching PFE ...
2026-02-26 15:18:46,588  INFO  Fetching SPY ...
2026-02-26 15:18:47,527  INFO  Fetching QQQ ...
2026-02-26 15:18:48,437  INFO  Fetching DIA ...
2026-02-26 15:18:52,546  INFO  Exported fact table \u2192 D:\Data_Stock-Analysis\powerbi_data\fact_stock_prices.csv  (104,717 rows)
2026-02-26 15:18:52,738  INFO  Exported date dim  \u2192 D:\Data_Stock-Analysis\powerbi_data\dim_date.csv
2026-02-26 15:18:52,740  INFO  Exported company dim \u2192 D:\Data_Stock-Analysis\powerbi_data\dim_company.csv
2026-02-26 15:18:52,926  INFO  Pipeline complete. 104,717 rows. Failed: []
2026-02-26 15:20:47,393  INFO  Pipeline started
2026-02-26 15:20:47,394  INFO  Fetching AAPL ...
2026-02-26 15:20:48,902  INFO  Fetching MSFT ...
2026-02-26 15:20:49,559  INFO  Fetching GOOGL ...
2026-02-26 15:20:51,409  INFO  Fetching AMZN ...
2026-02-26 15:20:52,433  INFO  Fetching META ...
2026-02-26 15:20:52,983  INFO  Fetching NVDA ...
2026-02-26 15:20:53,819  INFO  Fetching JPM ...
2026-02-26 15:20:54,474  INFO  Fetching BAC ...
2026-02-26 15:20:55,298  INFO  Fetching GS ...
2026-02-26 15:20:55,988  INFO  Fetching SBIN ...
2026-02-26 15:20:57,374  ERROR  HTTP Error 404: {"quoteSummary":{"result":null,"error":{"code":"Not Found","description":"Quote not found for symbol: SBIN"}}}
2026-02-26 15:20:57,653  ERROR  $SBIN: possibly delisted; no timezone found
2026-02-26 15:20:57,662  ERROR  
1 Failed download:
2026-02-26 15:20:57,662  ERROR  ['SBIN']: possibly delisted; no timezone found
2026-02-26 15:20:57,664  WARNING  No data returned for SBIN
2026-02-26 15:20:57,664  INFO  Fetching XOM ...
2026-02-26 15:20:58,417  INFO  Fetching CVX ...
2026-02-26 15:20:59,195  INFO  Fetching JNJ ...
2026-02-26 15:21:00,096  INFO  Fetching PFE ...
2026-02-26 15:21:00,947  INFO  Fetching SPY ...
2026-02-26 15:21:01,772  INFO  Fetching QQQ ...
2026-02-26 15:21:02,731  INFO  Fetching DIA ...
2026-02-26 15:21:03,475  INFO  Fetching TCS ...
2026-02-26 15:21:04,711  ERROR  $TCS: possibly delisted; no timezone found
2026-02-26 15:21:04,711  ERROR  
1 Failed download:
2026-02-26 15:21:04,712  ERROR  ['TCS']: possibly delisted; no timezone found
2026-02-26 15:21:04,714  WARNING  No data returned for TCS
2026-02-26 15:21:04,714  INFO  Fetching INFY ...
2026-02-26 15:21:05,521  INFO  Fetching Nifty50 ...
2026-02-26 15:21:06,480  ERROR  $NIFTY50: possibly delisted; no timezone found
2026-02-26 15:21:06,482  ERROR  
1 Failed download:
2026-02-26 15:21:06,482  ERROR  ['NIFTY50']: possibly delisted; no timezone found
2026-02-26 15:21:06,484  WARNING  No data returned for Nifty50
2026-02-26 15:21:06,484  INFO  Fetching Hdfcbank ...
2026-02-26 15:21:07,621  ERROR  $HDFCBANK: possibly delisted; no timezone found
2026-02-26 15:21:07,622  ERROR  
1 Failed download:
2026-02-26 15:21:07,622  ERROR  ['HDFCBANK']: possibly delisted; no timezone found
2026-02-26 15:21:07,624  WARNING  No data returned for Hdfcbank
2026-02-26 15:21:07,624  INFO  Fetching RELIANCE ...
2026-02-26 15:21:08,766  ERROR  $RELIANCE: possibly delisted; no timezone found
2026-02-26 15:21:08,769  ERROR  
1 Failed download:
2026-02-26 15:21:08,769  ERROR  ['RELIANCE']: possibly delisted; no timezone found
2026-02-26 15:21:08,771  WARNING  No data returned for RELIANCE
2026-02-26 15:21:08,771  INFO  Fetching ICICIBANK ...
2026-02-26 15:21:09,494  ERROR  $ICICIBANK: possibly delisted; no timezone found
2026-02-26 15:21:09,498  ERROR  
1 Failed download:
2026-02-26 15:21:09,498  ERROR  ['ICICIBANK']: possibly delisted; no timezone found
2026-02-26 15:21:09,501  WARNING  No data returned for ICICIBANK
2026-02-26 15:21:09,501  INFO  Fetching HINDUNILVR ...
2026-02-26 15:21:10,316  ERROR  $HINDUNILVR: possibly delisted; no timezone found
2026-02-26 15:21:10,323  ERROR  
1 Failed download:
2026-02-26 15:21:10,324  ERROR  ['HINDUNILVR']: possibly delisted; no timezone found
2026-02-26 15:21:10,326  WARNING  No data returned for HINDUNILVR
2026-02-26 15:21:10,326  INFO  Fetching KOTAKBANK ...
2026-02-26 15:21:11,136  ERROR  $KOTAKBANK: possibly delisted; no timezone found
2026-02-26 15:21:11,141  ERROR  
1 Failed download:
2026-02-26 15:21:11,141  ERROR  ['KOTAKBANK']: possibly delisted; no timezone found
2026-02-26 15:21:11,143  WARNING  No data returned for KOTAKBANK
2026-02-26 15:21:11,143  INFO  Fetching LT ...
2026-02-26 15:21:11,519  ERROR  $LT: possibly delisted; no price data found  (1d 2000-01-01 -> 2026-02-26)
2026-02-26 15:21:11,528  ERROR  
1 Failed download:
2026-02-26 15:21:11,528  ERROR  ['LT']: possibly delisted; no price data found  (1d 2000-01-01 -> 2026-02-26)
2026-02-26 15:21:11,530  WARNING  No data returned for LT
2026-02-26 15:21:11,530  INFO  Fetching ITC ...
2026-02-26 15:21:15,309  INFO  Exported fact table \u2192 D:\Data_Stock-Analysis\powerbi_data\fact_stock_prices.csv  (113,142 rows)
2026-02-26 15:21:15,498  INFO  Exported date dim  \u2192 D:\Data_Stock-Analysis\powerbi_data\dim_date.csv
2026-02-26 15:21:15,500  INFO  Exported company dim \u2192 D:\Data_Stock-Analysis\powerbi_data\dim_company.csv
2026-02-26 15:21:15,703  INFO  Pipeline complete. 113,142 rows. Failed: ['SBIN', 'TCS', 'Nifty50', 'Hdfcbank', 'RELIANCE', 'ICICIBANK', 'HINDUNILVR', 'KOTAKBANK', 'LT']
2026-02-26 15:24:39,596  INFO  Pipeline started
2026-02-26 15:24:39,596  INFO  Fetching AAPL ...
2026-02-26 15:24:40,739  INFO  Fetching MSFT ...
2026-02-26 15:24:41,519  INFO  Fetching GOOGL ...
2026-02-26 15:24:42,094  INFO  Fetching AMZN ...
2026-02-26 15:24:42,733  INFO  Fetching META ...
2026-02-26 15:24:43,195  INFO  Fetching NVDA ...
2026-02-26 15:24:43,833  INFO  Fetching JPM ...
2026-02-26 15:24:44,606  INFO  Fetching BAC ...
2026-02-26 15:24:45,374  INFO  Fetching GS ...
2026-02-26 15:24:46,239  INFO  Fetching SBIN.NS ...
2026-02-26 15:24:47,031  INFO  Fetching XOM ...
2026-02-26 15:24:48,039  INFO  Fetching CVX ...
2026-02-26 15:24:48,772  INFO  Fetching JNJ ...
2026-02-26 15:24:50,098  INFO  Fetching PFE ...
2026-02-26 15:24:50,848  INFO  Fetching SPY ...
2026-02-26 15:24:51,753  INFO  Fetching QQQ ...
2026-02-26 15:24:52,457  INFO  Fetching DIA ...
2026-02-26 15:24:53,393  INFO  Fetching TCS.NS ...
2026-02-26 15:24:54,074  INFO  Fetching INFY ...
2026-02-26 15:24:54,768  INFO  Fetching ^NSEI ...
2026-02-26 15:24:55,300  INFO  Fetching HDFCBANK.NS ...
2026-02-26 15:24:56,738  INFO  Fetching RELIANCE.NS ...
2026-02-26 15:24:57,592  INFO  Fetching ICICIBANK.NS ...
2026-02-26 15:24:58,171  INFO  Fetching HINDUNILVR.NS ...
2026-02-26 15:24:59,331  INFO  Fetching KOTAKBANK.NS ...
2026-02-26 15:24:59,980  INFO  Fetching LT.NS ...
2026-02-26 15:25:00,600  INFO  Fetching ITC ...
2026-02-26 15:25:06,093  INFO  Exported fact table \u2192 D:\Data_Stock-Analysis\powerbi_data\fact_stock_prices.csv  (170,169 rows)
2026-02-26 15:25:06,282  INFO  Exported date dim  \u2192 D:\Data_Stock-Analysis\powerbi_data\dim_date.csv
2026-02-26 15:25:06,284  INFO  Exported company dim \u2192 D:\Data_Stock-Analysis\powerbi_data\dim_company.csv
2026-02-26 15:25:06,602  INFO  Pipeline complete. 170,169 rows. Failed: []
2026-03-06 14:37:42,913  INFO  Pipeline started
2026-03-06 14:37:42,944  INFO  Fetching RELIANCE.NS ...
2026-03-06 14:37:43,110  ERROR  
1 Failed download:
2026-03-06 14:37:43,110  ERROR  ['RELIANCE.NS']: OperationalError('unable to open database file')
2026-03-06 14:37:43,163  WARNING  No data returned for RELIANCE.NS
2026-03-06 14:37:43,164  INFO  Fetching TCS.NS ...
2026-03-06 14:37:43,169  ERROR  
1 Failed download:
2026-03-06 14:37:43,169  ERROR  ['TCS.NS']: OperationalError('unable to open database file')
2026-03-06 14:37:43,171  WARNING  No data returned for TCS.NS
2026-03-06 14:37:43,171  INFO  Fetching HDFCBANK.NS ...
2026-03-06 14:37:43,177  ERROR  
1 Failed download:
2026-03-06 14:37:43,177  ERROR  ['HDFCBANK.NS']: OperationalError('unable to open database file')
2026-03-06 14:37:43,180  WARNING  No data returned for HDFCBANK.NS
2026-03-06 14:37:43,181  INFO  Fetching ICICIBANK.NS ...
2026-03-06 14:37:43,187  ERROR  
1 Failed download:
2026-03-06 14:37:43,187  ERROR  ['ICICIBANK.NS']: OperationalError('unable to open database file')
2026-03-06 14:37:43,189  WARNING  No data returned for ICICIBANK.NS
2026-03-06 14:37:43,190  INFO  Fetching INFY.NS ...
2026-03-06 14:37:43,196  ERROR  
1 Failed download:
2026-03-06 14:37:43,196  ERROR  ['INFY.NS']: OperationalError('unable to open database file')
2026-03-06 14:37:43,201  WARNING  No data returned for INFY.NS
2026-03-06 14:37:43,201  INFO  Fetching SBIN.NS ...
2026-03-06 14:37:43,206  ERROR  
1 Failed download:
2026-03-06 14:37:43,206  ERROR  ['SBIN.NS']: OperationalError('unable to open database file')
2026-03-06 14:37:43,209  WARNING  No data returned for SBIN.NS
2026-03-06 14:37:43,209  INFO  Fetching ITC.NS ...
2026-03-06 14:37:43,215  ERROR  
1 Failed download:
2026-03-06 14:37:43,215  ERROR  ['ITC.NS']: OperationalError('unable to open database file')
2026-03-06 14:37:43,218  WARNING  No data returned for ITC.NS
2026-03-06 14:37:43,219  INFO  Fetching HINDUNILVR.NS ...
2026-03-06 14:37:43,225  ERROR  
1 Failed download:
2026-03-06 14:37:43,226  ERROR  ['HINDUNILVR.NS']: OperationalError('unable to open database file')
2026-03-06 14:37:43,228  WARNING  No data returned for HINDUNILVR.NS
2026-03-06 14:37:43,228  INFO  Fetching LT.NS ...
2026-03-06 14:37:43,233  ERROR  
1 Failed download:
2026-03-06 14:37:43,233  ERROR  ['LT.NS']: OperationalError('unable to open database file')
2026-03-06 14:37:43,236  WARNING  No data returned for LT.NS
2026-03-06 14:37:43,236  INFO  Fetching KOTAKBANK.NS ...
2026-03-06 14:37:43,242  ERROR  
1 Failed download:
2026-03-06 14:37:43,242  ERROR  ['KOTAKBANK.NS']: OperationalError('unable to open database file')
2026-03-06 14:37:43,244  WARNING  No data returned for KOTAKBANK.NS
2026-03-06 14:37:43,245  INFO  Fetching AXISBANK.NS ...
2026-03-06 14:37:43,250  ERROR  
1 Failed download:
2026-03-06 14:37:43,250  ERROR  ['AXISBANK.NS']: OperationalError('unable to open database file')
2026-03-06 14:37:43,252  WARNING  No data returned for AXISBANK.NS
2026-03-06 14:37:43,252  INFO  Fetching BHARTIARTL.NS ...
2026-03-06 14:37:43,258  ERROR  
1 Failed download:
2026-03-06 14:37:43,258  ERROR  ['BHARTIARTL.NS']: OperationalError('unable to open database file')
2026-03-06 14:37:43,260  WARNING  No data returned for BHARTIARTL.NS
2026-03-06 14:37:43,261  INFO  Fetching ASIANPAINT.NS ...
2026-03-06 14:37:43,266  ERROR  
1 Failed download:
2026-03-06 14:37:43,266  ERROR  ['ASIANPAINT.NS']: OperationalError('unable to open database file')
2026-03-06 14:37:43,268  WARNING  No data returned for ASIANPAINT.NS
2026-03-06 14:37:43,268  INFO  Fetching BAJFINANCE.NS ...
2026-03-06 14:37:43,273  ERROR  
1 Failed download:
2026-03-06 14:37:43,273  ERROR  ['BAJFINANCE.NS']: OperationalError('unable to open database file')
2026-03-06 14:37:43,275  WARNING  No data returned for BAJFINANCE.NS
2026-03-06 14:37:43,275  INFO  Fetching MARUTI.NS ...
2026-03-06 14:37:43,284  ERROR  
1 Failed download:
2026-03-06 14:37:43,284  ERROR  ['MARUTI.NS']: OperationalError('unable to open database file')
2026-03-06 14:37:43,286  WARNING  No data returned for MARUTI.NS
2026-03-06 14:37:43,287  INFO  Fetching SUNPHARMA.NS ...
2026-03-06 14:37:43,292  ERROR  
1 Failed download:
2026-03-06 14:37:43,293  ERROR  ['SUNPHARMA.NS']: OperationalError('unable to open database file')
2026-03-06 14:37:43,295  WARNING  No data returned for SUNPHARMA.NS
2026-03-06 14:37:43,295  INFO  Fetching TITAN.NS ...
2026-03-06 14:37:43,300  ERROR  
1 Failed download:
2026-03-06 14:37:43,301  ERROR  ['TITAN.NS']: OperationalError('unable to open database file')
2026-03-06 14:37:43,303  WARNING  No data returned for TITAN.NS
2026-03-06 14:37:43,303  INFO  Fetching ULTRACEMCO.NS ...
2026-03-06 14:37:43,308  ERROR  
1 Failed download:
2026-03-06 14:37:43,308  ERROR  ['ULTRACEMCO.NS']: OperationalError('unable to open database file')
2026-03-06 14:37:43,311  WARNING  No data returned for ULTRACEMCO.NS
2026-03-06 14:37:43,311  INFO  Fetching NTPC.NS ...
2026-03-06 14:37:43,317  ERROR  
1 Failed download:
2026-03-06 14:37:43,317  ERROR  ['NTPC.NS']: OperationalError('unable to open database file')
2026-03-06 14:37:43,319  WARNING  No data returned for NTPC.NS
2026-03-06 14:37:43,320  INFO  Fetching POWERGRID.NS ...
2026-03-06 14:37:43,325  ERROR  
1 Failed download:
2026-03-06 14:37:43,326  ERROR  ['POWERGRID.NS']: OperationalError('unable to open database file')
2026-03-06 14:37:43,328  WARNING  No data returned for POWERGRID.NS
2026-03-06 14:38:00,180  INFO  Pipeline started
2026-03-06 14:38:00,181  INFO  Fetching RELIANCE.NS ...
2026-03-06 14:38:06,066  INFO  Fetching TCS.NS ...
2026-03-06 14:38:06,856  INFO  Fetching HDFCBANK.NS ...
2026-03-06 14:38:07,764  INFO  Fetching ICICIBANK.NS ...
2026-03-06 14:38:08,422  INFO  Fetching INFY.NS ...
2026-03-06 14:38:09,200  INFO  Fetching SBIN.NS ...
2026-03-06 14:38:10,401  INFO  Fetching ITC.NS ...
2026-03-06 14:38:11,306  INFO  Fetching HINDUNILVR.NS ...
2026-03-06 14:38:11,837  INFO  Fetching LT.NS ...
2026-03-06 14:38:12,516  INFO  Fetching KOTAKBANK.NS ...
2026-03-06 14:38:13,046  INFO  Fetching AXISBANK.NS ...
2026-03-06 14:38:13,767  INFO  Fetching BHARTIARTL.NS ...
2026-03-06 14:38:14,503  INFO  Fetching ASIANPAINT.NS ...
2026-03-06 14:38:15,193  INFO  Fetching BAJFINANCE.NS ...
2026-03-06 14:38:15,664  INFO  Fetching MARUTI.NS ...
2026-03-06 14:38:16,184  INFO  Fetching SUNPHARMA.NS ...
2026-03-06 14:38:16,924  INFO  Fetching TITAN.NS ...
2026-03-06 14:38:17,891  INFO  Fetching ULTRACEMCO.NS ...
2026-03-06 14:38:18,653  INFO  Fetching NTPC.NS ...
2026-03-06 14:38:19,962  INFO  Fetching POWERGRID.NS ...
2026-03-06 14:38:24,343  INFO  Exported fact table â†’ D:\Data_Stock-Analysis\powerbi_data\fact_stock_prices.csv  (121,439 rows)
2026-03-06 14:38:24,525  INFO  Exported date dim  â†’ D:\Data_Stock-Analysis\powerbi_data\dim_date.csv
2026-03-06 14:38:24,527  INFO  Exported company dim â†’ D:\Data_Stock-Analysis\powerbi_data\dim_company.csv
2026-03-06 14:38:24,741  INFO  Pipeline complete. 121,439 rows. Failed: []
